[debug] [2025-08-16T19:55:56.318Z] ----------------------------------------------------------------------
[debug] [2025-08-16T19:55:56.321Z] Command:       C:\Program Files\nodejs\node.exe C:\Users\rober\AppData\Roaming\npm\node_modules\firebase-tools\lib\bin\firebase.js deploy --only hosting --debug
[debug] [2025-08-16T19:55:56.321Z] CLI Version:   14.12.0
[debug] [2025-08-16T19:55:56.321Z] Platform:      win32
[debug] [2025-08-16T19:55:56.321Z] Node Version:  v20.19.4
[debug] [2025-08-16T19:55:56.321Z] Time:          Sat Aug 16 2025 16:55:56 GMT-0300 (hora estándar de Argentina)
[debug] [2025-08-16T19:55:56.321Z] ----------------------------------------------------------------------
[debug] 
[debug] [2025-08-16T19:55:56.523Z] > command requires scopes: ["email","openid","https://www.googleapis.com/auth/cloudplatformprojects.readonly","https://www.googleapis.com/auth/firebase","https://www.googleapis.com/auth/cloud-platform"]
[debug] [2025-08-16T19:55:56.524Z] > authorizing via signed-in user (robertogaona1985@gmail.com)
[debug] [2025-08-16T19:55:56.525Z] [iam] checking project confort-ba for permissions ["firebase.projects.get","firebasehosting.sites.update"]
[debug] [2025-08-16T19:55:56.527Z] Checked if tokens are valid: true, expires at: 1755377676196
[debug] [2025-08-16T19:55:56.527Z] Checked if tokens are valid: true, expires at: 1755377676196
[debug] [2025-08-16T19:55:56.529Z] >>> [apiv2][query] POST https://cloudresourcemanager.googleapis.com/v1/projects/confort-ba:testIamPermissions [none]
[debug] [2025-08-16T19:55:56.529Z] >>> [apiv2][(partial)header] POST https://cloudresourcemanager.googleapis.com/v1/projects/confort-ba:testIamPermissions x-goog-quota-user=projects/confort-ba
[debug] [2025-08-16T19:55:56.530Z] >>> [apiv2][body] POST https://cloudresourcemanager.googleapis.com/v1/projects/confort-ba:testIamPermissions {"permissions":["firebase.projects.get","firebasehosting.sites.update"]}
[debug] [2025-08-16T19:55:57.427Z] <<< [apiv2][status] POST https://cloudresourcemanager.googleapis.com/v1/projects/confort-ba:testIamPermissions 200
[debug] [2025-08-16T19:55:57.427Z] <<< [apiv2][body] POST https://cloudresourcemanager.googleapis.com/v1/projects/confort-ba:testIamPermissions {"permissions":["firebase.projects.get","firebasehosting.sites.update"]}
[debug] [2025-08-16T19:55:57.428Z] Checked if tokens are valid: true, expires at: 1755377676196
[debug] [2025-08-16T19:55:57.429Z] Checked if tokens are valid: true, expires at: 1755377676196
[debug] [2025-08-16T19:55:57.429Z] >>> [apiv2][query] GET https://firebase.googleapis.com/v1beta1/projects/confort-ba [none]
[debug] [2025-08-16T19:55:57.923Z] <<< [apiv2][status] GET https://firebase.googleapis.com/v1beta1/projects/confort-ba 200
[debug] [2025-08-16T19:55:57.924Z] <<< [apiv2][body] GET https://firebase.googleapis.com/v1beta1/projects/confort-ba {"projectId":"confort-ba","projectNumber":"1012637311604","displayName":"BACONFORT","name":"projects/confort-ba","resources":{"hostingSite":"confort-ba"},"state":"ACTIVE","etag":"1_a9f0a55b-a4e0-4aeb-9ccf-09395685e6ec"}
[info] 
[info] === Deploying to 'confort-ba'...
[info] 
[info] i  deploying hosting 
[debug] [2025-08-16T19:55:57.930Z] Checked if tokens are valid: true, expires at: 1755377676196
[debug] [2025-08-16T19:55:57.930Z] Checked if tokens are valid: true, expires at: 1755377676196
[debug] [2025-08-16T19:55:57.931Z] >>> [apiv2][query] POST https://firebasehosting.googleapis.com/v1beta1/projects/-/sites/confort-ba/versions [none]
[debug] [2025-08-16T19:55:57.931Z] >>> [apiv2][body] POST https://firebasehosting.googleapis.com/v1beta1/projects/-/sites/confort-ba/versions {"status":"CREATED","labels":{"deployment-tool":"cli-firebase"}}
[debug] [2025-08-16T19:55:59.455Z] <<< [apiv2][status] POST https://firebasehosting.googleapis.com/v1beta1/projects/-/sites/confort-ba/versions 429
[debug] [2025-08-16T19:55:59.456Z] <<< [apiv2][body] POST https://firebasehosting.googleapis.com/v1beta1/projects/-/sites/confort-ba/versions {"error":{"code":429,"message":"You have exceeded the Hosting storage quota for your Firebase project, so you cannot deploy to your site right now. Visit the Firebase console to either manage your Hosting storage or upgrade to the Blaze plan.\n \nTip: Manage your Hosting storage by setting the number of releases to keep for each channel so that older releases are automatically deleted. Learn more: https://firebase.google.com/docs/hosting/manage-releases#release-storage-settings","status":"RESOURCE_EXHAUSTED"}}
[error] 
[error] Error: Request to https://firebasehosting.googleapis.com/v1beta1/projects/-/sites/confort-ba/versions had HTTP Error: 429, You have exceeded the Hosting storage quota for your Firebase project, so you cannot deploy to your site right now. Visit the Firebase console to either manage your Hosting storage or upgrade to the Blaze plan.
 
Tip: Manage your Hosting storage by setting the number of releases to keep for each channel so that older releases are automatically deleted. Learn more: https://firebase.google.com/docs/hosting/manage-releases#release-storage-settings
[debug] [2025-08-16T19:55:59.460Z] Error Context: {
  "body": {
    "error": {
      "code": 429,
      "message": "You have exceeded the Hosting storage quota for your Firebase project, so you cannot deploy to your site right now. Visit the Firebase console to either manage your Hosting storage or upgrade to the Blaze plan.\n \nTip: Manage your Hosting storage by setting the number of releases to keep for each channel so that older releases are automatically deleted. Learn more: https://firebase.google.com/docs/hosting/manage-releases#release-storage-settings",
      "status": "RESOURCE_EXHAUSTED"
    }
  },
  "response": {
    "statusCode": 429
  }
}
